2025-11-20 16:55:41,359 - INFO - Transformation started for station 310
2025-11-20 16:55:41,360 - INFO - Reading input file: C:/Users/ec.raihana/Desktop/Assignment 1/Data/Raw/knmi_310_2020-01-01_to_2020-01-31.csv
2025-11-20 16:55:41,367 - INFO - File read successfully
2025-11-20 16:55:41,436 - INFO - Column names standardized
2025-11-20 16:55:41,437 - INFO - Parsing datetime started
2025-11-20 16:55:41,443 - INFO - Datetime parsing successful
2025-11-20 16:55:41,443 - INFO - Datetime parsing completed
2025-11-20 16:55:41,445 - INFO - This is the count of missing values before cleaning:
2025-11-20 16:55:41,446 - INFO - Renaming columns
2025-11-20 16:55:41,447 - INFO - Columns renamed successfully
2025-11-20 16:55:41,448 - INFO - Columns renamed as per mapping
2025-11-20 16:55:41,482 - INFO - Unnecessary columns dropped and datetime set as index
2025-11-20 16:55:41,484 - INFO - Converted selected columns to numeric
2025-11-20 16:55:41,484 - INFO - Computing derivative features
2025-11-20 16:55:41,488 - ERROR - Error computing derivative features
Traceback (most recent call last):
  File "C:\Users\ec.raihana\AppData\Local\Packages\PythonSoftwareFoundation.Python.3.13_qbz5n2kfra8p0\LocalCache\local-packages\Python313\site-packages\pandas\core\indexes\base.py", line 3812, in get_loc
    return self._engine.get_loc(casted_key)
           ~~~~~~~~~~~~~~~~~~~~^^^^^^^^^^^^
  File "pandas/_libs/index.pyx", line 167, in pandas._libs.index.IndexEngine.get_loc
  File "pandas/_libs/index.pyx", line 196, in pandas._libs.index.IndexEngine.get_loc
  File "pandas/_libs/hashtable_class_helper.pxi", line 7088, in pandas._libs.hashtable.PyObjectHashTable.get_item
  File "pandas/_libs/hashtable_class_helper.pxi", line 7096, in pandas._libs.hashtable.PyObjectHashTable.get_item
KeyError: 'wind_speed'

The above exception was the direct cause of the following exception:

Traceback (most recent call last):
  File "c:\Users\ec.raihana\Desktop\Assignment 1\etl\transform_data.py", line 151, in derivative_features
    df["wind_speed_roll3"] = df["wind_speed"].rolling(window=3).mean()
                             ~~^^^^^^^^^^^^^^
  File "C:\Users\ec.raihana\AppData\Local\Packages\PythonSoftwareFoundation.Python.3.13_qbz5n2kfra8p0\LocalCache\local-packages\Python313\site-packages\pandas\core\frame.py", line 4113, in __getitem__
    indexer = self.columns.get_loc(key)
  File "C:\Users\ec.raihana\AppData\Local\Packages\PythonSoftwareFoundation.Python.3.13_qbz5n2kfra8p0\LocalCache\local-packages\Python313\site-packages\pandas\core\indexes\base.py", line 3819, in get_loc
    raise KeyError(key) from err
KeyError: 'wind_speed'
2025-11-20 16:55:41,493 - ERROR - Error reading file: C:/Users/ec.raihana/Desktop/Assignment 1/Data/Raw/knmi_310_2020-01-01_to_2020-01-31.csv:'wind_speed'
Traceback (most recent call last):
  File "C:\Users\ec.raihana\AppData\Local\Packages\PythonSoftwareFoundation.Python.3.13_qbz5n2kfra8p0\LocalCache\local-packages\Python313\site-packages\pandas\core\indexes\base.py", line 3812, in get_loc
    return self._engine.get_loc(casted_key)
           ~~~~~~~~~~~~~~~~~~~~^^^^^^^^^^^^
  File "pandas/_libs/index.pyx", line 167, in pandas._libs.index.IndexEngine.get_loc
  File "pandas/_libs/index.pyx", line 196, in pandas._libs.index.IndexEngine.get_loc
  File "pandas/_libs/hashtable_class_helper.pxi", line 7088, in pandas._libs.hashtable.PyObjectHashTable.get_item
  File "pandas/_libs/hashtable_class_helper.pxi", line 7096, in pandas._libs.hashtable.PyObjectHashTable.get_item
KeyError: 'wind_speed'

The above exception was the direct cause of the following exception:

Traceback (most recent call last):
  File "c:\Users\ec.raihana\Desktop\Assignment 1\etl\transform_data.py", line 64, in transformed_data
    df = derivative_features(df)
  File "c:\Users\ec.raihana\Desktop\Assignment 1\etl\transform_data.py", line 151, in derivative_features
    df["wind_speed_roll3"] = df["wind_speed"].rolling(window=3).mean()
                             ~~^^^^^^^^^^^^^^
  File "C:\Users\ec.raihana\AppData\Local\Packages\PythonSoftwareFoundation.Python.3.13_qbz5n2kfra8p0\LocalCache\local-packages\Python313\site-packages\pandas\core\frame.py", line 4113, in __getitem__
    indexer = self.columns.get_loc(key)
  File "C:\Users\ec.raihana\AppData\Local\Packages\PythonSoftwareFoundation.Python.3.13_qbz5n2kfra8p0\LocalCache\local-packages\Python313\site-packages\pandas\core\indexes\base.py", line 3819, in get_loc
    raise KeyError(key) from err
KeyError: 'wind_speed'
2025-11-20 16:59:56,472 - transform_data-INFO - Transformation started for station 308
2025-11-20 16:59:56,473 - transform_data-INFO - Reading input file: C:/Users/ec.raihana/Desktop/Assignment 1/Data/Raw/knmi_308_2020-01-01_to_2020-01-31.csv
2025-11-20 16:59:56,479 - transform_data-INFO - File read successfully
2025-11-20 16:59:56,517 - transform_data-INFO - Column names standardized
2025-11-20 16:59:56,518 - transform_data-INFO - Parsing datetime started
2025-11-20 16:59:56,525 - transform_data-INFO - Datetime parsing successful
2025-11-20 16:59:56,525 - transform_data-INFO - Datetime parsing completed
2025-11-20 16:59:56,527 - transform_data-INFO - This is the count of missing values before cleaning:
2025-11-20 16:59:56,527 - transform_data-INFO - Renaming columns
2025-11-20 16:59:56,528 - transform_data-INFO - Columns renamed successfully
2025-11-20 16:59:56,528 - transform_data-INFO - Columns renamed as per mapping
2025-11-20 16:59:56,545 - transform_data-INFO - Unnecessary columns dropped and datetime set as index
2025-11-20 16:59:56,547 - transform_data-INFO - Converted selected columns to numeric
2025-11-20 16:59:56,547 - transform_data-INFO - Computing derivative features
2025-11-20 16:59:56,555 - transform_data-INFO - Derivative features computed successfully
2025-11-20 16:59:56,555 - transform_data-INFO - Derivative features added
2025-11-20 16:59:56,563 - transform_data-INFO - Transformed file saved: C:/Users/ec.raihana/Desktop/Assignment 1/Data/Processed/knmi_cleaned_308_2020-01-01_to_2020-01-31.csv
2025-11-20 16:59:56,563 - transform_data-INFO - Transformation completed for station 308
2025-11-20 18:12:01,566 - transform_data- INFO - Transformation started for station 257
2025-11-20 18:12:01,566 - transform_data- INFO - Reading input file: C:/Users/ec.raihana/Desktop/Assignment 1/Data/Raw/knmi_257_2020-01-01_to_2020-01-31.csv
2025-11-20 18:12:01,573 - transform_data- INFO - File read successfully
2025-11-20 18:12:01,608 - transform_data- INFO - Column names standardized
2025-11-20 18:12:01,609 - transform_data- INFO - Parsing datetime started
2025-11-20 18:12:01,614 - transform_data- INFO - Datetime parsing successful
2025-11-20 18:12:01,614 - transform_data- INFO - Datetime parsing completed
2025-11-20 18:12:01,616 - transform_data- INFO - This is the count of missing values before cleaning:
2025-11-20 18:12:01,616 - transform_data- INFO - Renaming columns
2025-11-20 18:12:01,617 - transform_data- INFO - Columns renamed successfully
2025-11-20 18:12:01,617 - transform_data- INFO - Columns renamed as per mapping
2025-11-20 18:12:01,632 - transform_data- INFO - Unnecessary columns dropped and datetime set as index
2025-11-20 18:12:01,638 - transform_data- INFO - Converted selected columns to numeric
2025-11-20 18:12:01,638 - transform_data- INFO - Computing derivative features
2025-11-20 18:12:01,662 - transform_data- INFO - Derivative features computed successfully
2025-11-20 18:12:01,662 - transform_data- INFO - Derivative features added
2025-11-20 18:12:01,671 - transform_data- INFO - Transformed file saved: C:/Users/ec.raihana/Desktop/Assignment 1/Data/Processed/knmi_cleaned_257_2020-01-01_to_2020-01-31.csv
2025-11-20 18:12:01,671 - transform_data- INFO - Transformation completed for station 257
2025-11-20 18:12:01,671 - transform_data- INFO - Transformation started for station 275
2025-11-20 18:12:01,671 - transform_data- INFO - Reading input file: C:/Users/ec.raihana/Desktop/Assignment 1/Data/Raw/knmi_275_2020-01-01_to_2020-01-31.csv
2025-11-20 18:12:01,675 - transform_data- INFO - File read successfully
2025-11-20 18:12:01,724 - transform_data- INFO - Column names standardized
2025-11-20 18:12:01,725 - transform_data- INFO - Parsing datetime started
2025-11-20 18:12:01,728 - transform_data- INFO - Datetime parsing successful
2025-11-20 18:12:01,729 - transform_data- INFO - Datetime parsing completed
2025-11-20 18:12:01,730 - transform_data- INFO - This is the count of missing values before cleaning:
2025-11-20 18:12:01,730 - transform_data- INFO - Renaming columns
2025-11-20 18:12:01,731 - transform_data- INFO - Columns renamed successfully
2025-11-20 18:12:01,731 - transform_data- INFO - Columns renamed as per mapping
2025-11-20 18:12:01,745 - transform_data- INFO - Unnecessary columns dropped and datetime set as index
2025-11-20 18:12:01,748 - transform_data- INFO - Converted selected columns to numeric
2025-11-20 18:12:01,748 - transform_data- INFO - Computing derivative features
2025-11-20 18:12:01,758 - transform_data- INFO - Derivative features computed successfully
2025-11-20 18:12:01,758 - transform_data- INFO - Derivative features added
2025-11-20 18:12:01,765 - transform_data- INFO - Transformed file saved: C:/Users/ec.raihana/Desktop/Assignment 1/Data/Processed/knmi_cleaned_275_2020-01-01_to_2020-01-31.csv
2025-11-20 18:12:01,765 - transform_data- INFO - Transformation completed for station 275
2025-11-20 18:12:01,765 - transform_data- INFO - Transformation started for station 308
2025-11-20 18:12:01,765 - transform_data- INFO - Reading input file: C:/Users/ec.raihana/Desktop/Assignment 1/Data/Raw/knmi_308_2020-01-01_to_2020-01-31.csv
2025-11-20 18:12:01,770 - transform_data- INFO - File read successfully
2025-11-20 18:12:01,802 - transform_data- INFO - Column names standardized
2025-11-20 18:12:01,803 - transform_data- INFO - Parsing datetime started
2025-11-20 18:12:01,808 - transform_data- INFO - Datetime parsing successful
2025-11-20 18:12:01,808 - transform_data- INFO - Datetime parsing completed
2025-11-20 18:12:01,810 - transform_data- INFO - This is the count of missing values before cleaning:
2025-11-20 18:12:01,810 - transform_data- INFO - Renaming columns
2025-11-20 18:12:01,810 - transform_data- INFO - Columns renamed successfully
2025-11-20 18:12:01,811 - transform_data- INFO - Columns renamed as per mapping
2025-11-20 18:12:01,826 - transform_data- INFO - Unnecessary columns dropped and datetime set as index
2025-11-20 18:12:01,828 - transform_data- INFO - Converted selected columns to numeric
2025-11-20 18:12:01,828 - transform_data- INFO - Computing derivative features
2025-11-20 18:12:01,835 - transform_data- INFO - Derivative features computed successfully
2025-11-20 18:12:01,835 - transform_data- INFO - Derivative features added
2025-11-20 18:12:01,842 - transform_data- INFO - Transformed file saved: C:/Users/ec.raihana/Desktop/Assignment 1/Data/Processed/knmi_cleaned_308_2020-01-01_to_2020-01-31.csv
2025-11-20 18:12:01,843 - transform_data- INFO - Transformation completed for station 308
2025-11-20 18:12:01,843 - transform_data- INFO - Transformation started for station 310
2025-11-20 18:12:01,843 - transform_data- INFO - Reading input file: C:/Users/ec.raihana/Desktop/Assignment 1/Data/Raw/knmi_310_2020-01-01_to_2020-01-31.csv
2025-11-20 18:12:01,846 - transform_data- INFO - File read successfully
2025-11-20 18:12:01,898 - transform_data- INFO - Column names standardized
2025-11-20 18:12:01,898 - transform_data- INFO - Parsing datetime started
2025-11-20 18:12:01,904 - transform_data- INFO - Datetime parsing successful
2025-11-20 18:12:01,905 - transform_data- INFO - Datetime parsing completed
2025-11-20 18:12:01,906 - transform_data- INFO - This is the count of missing values before cleaning:
2025-11-20 18:12:01,907 - transform_data- INFO - Renaming columns
2025-11-20 18:12:01,907 - transform_data- INFO - Columns renamed successfully
2025-11-20 18:12:01,908 - transform_data- INFO - Columns renamed as per mapping
2025-11-20 18:12:01,925 - transform_data- INFO - Unnecessary columns dropped and datetime set as index
2025-11-20 18:12:01,928 - transform_data- INFO - Converted selected columns to numeric
2025-11-20 18:12:01,928 - transform_data- INFO - Computing derivative features
2025-11-20 18:12:01,935 - transform_data- INFO - Derivative features computed successfully
2025-11-20 18:12:01,936 - transform_data- INFO - Derivative features added
2025-11-20 18:12:01,943 - transform_data- INFO - Transformed file saved: C:/Users/ec.raihana/Desktop/Assignment 1/Data/Processed/knmi_cleaned_310_2020-01-01_to_2020-01-31.csv
2025-11-20 18:12:01,943 - transform_data- INFO - Transformation completed for station 310
2025-11-20 18:13:32,511 - transform_data- INFO - Transformation started for station 257
2025-11-20 18:13:32,512 - transform_data- INFO - Reading input file: C:/Users/ec.raihana/Desktop/Assignment 1/Data/Raw/knmi_257_2020-01-01_to_2020-01-31.csv
2025-11-20 18:13:32,518 - transform_data- INFO - File read successfully
2025-11-20 18:13:32,556 - transform_data- INFO - Column names standardized
2025-11-20 18:13:32,556 - transform_data- INFO - Parsing datetime started
2025-11-20 18:13:32,561 - transform_data- INFO - Datetime parsing successful
2025-11-20 18:13:32,562 - transform_data- INFO - Datetime parsing completed
2025-11-20 18:13:32,564 - transform_data- INFO - This is the count of missing values before cleaning:
2025-11-20 18:13:32,564 - transform_data- INFO - Renaming columns
2025-11-20 18:13:32,564 - transform_data- INFO - Columns renamed successfully
2025-11-20 18:13:32,565 - transform_data- INFO - Columns renamed as per mapping
2025-11-20 18:13:32,580 - transform_data- INFO - Unnecessary columns dropped and datetime set as index
2025-11-20 18:13:32,585 - transform_data- INFO - Converted selected columns to numeric
2025-11-20 18:13:32,585 - transform_data- INFO - Computing derivative features
2025-11-20 18:13:32,594 - transform_data- INFO - Derivative features computed successfully
2025-11-20 18:13:32,594 - transform_data- INFO - Derivative features added
2025-11-20 18:13:32,602 - transform_data- INFO - Transformed file saved: C:/Users/ec.raihana/Desktop/Assignment 1/Data/Processed/knmi_cleaned_257_2020-01-01_to_2020-01-31.csv
2025-11-20 18:13:32,602 - transform_data- INFO - Transformation completed for station 257
2025-11-20 18:13:32,602 - transform_data- INFO - Transformation started for station 275
2025-11-20 18:13:32,602 - transform_data- INFO - Reading input file: C:/Users/ec.raihana/Desktop/Assignment 1/Data/Raw/knmi_275_2020-01-01_to_2020-01-31.csv
2025-11-20 18:13:32,607 - transform_data- INFO - File read successfully
2025-11-20 18:13:32,656 - transform_data- INFO - Column names standardized
2025-11-20 18:13:32,656 - transform_data- INFO - Parsing datetime started
2025-11-20 18:13:32,660 - transform_data- INFO - Datetime parsing successful
2025-11-20 18:13:32,660 - transform_data- INFO - Datetime parsing completed
2025-11-20 18:13:32,662 - transform_data- INFO - This is the count of missing values before cleaning:
2025-11-20 18:13:32,662 - transform_data- INFO - Renaming columns
2025-11-20 18:13:32,663 - transform_data- INFO - Columns renamed successfully
2025-11-20 18:13:32,663 - transform_data- INFO - Columns renamed as per mapping
2025-11-20 18:13:32,678 - transform_data- INFO - Unnecessary columns dropped and datetime set as index
2025-11-20 18:13:32,680 - transform_data- INFO - Converted selected columns to numeric
2025-11-20 18:13:32,681 - transform_data- INFO - Computing derivative features
2025-11-20 18:13:32,688 - transform_data- INFO - Derivative features computed successfully
2025-11-20 18:13:32,688 - transform_data- INFO - Derivative features added
2025-11-20 18:13:32,695 - transform_data- INFO - Transformed file saved: C:/Users/ec.raihana/Desktop/Assignment 1/Data/Processed/knmi_cleaned_275_2020-01-01_to_2020-01-31.csv
2025-11-20 18:13:32,696 - transform_data- INFO - Transformation completed for station 275
2025-11-20 18:13:32,696 - transform_data- INFO - Transformation started for station 308
2025-11-20 18:13:32,696 - transform_data- INFO - Reading input file: C:/Users/ec.raihana/Desktop/Assignment 1/Data/Raw/knmi_308_2020-01-01_to_2020-01-31.csv
2025-11-20 18:13:32,699 - transform_data- INFO - File read successfully
2025-11-20 18:13:32,734 - transform_data- INFO - Column names standardized
2025-11-20 18:13:32,735 - transform_data- INFO - Parsing datetime started
2025-11-20 18:13:32,741 - transform_data- INFO - Datetime parsing successful
2025-11-20 18:13:32,741 - transform_data- INFO - Datetime parsing completed
2025-11-20 18:13:32,743 - transform_data- INFO - This is the count of missing values before cleaning:
2025-11-20 18:13:32,743 - transform_data- INFO - Renaming columns
2025-11-20 18:13:32,743 - transform_data- INFO - Columns renamed successfully
2025-11-20 18:13:32,744 - transform_data- INFO - Columns renamed as per mapping
2025-11-20 18:13:32,760 - transform_data- INFO - Unnecessary columns dropped and datetime set as index
2025-11-20 18:13:32,763 - transform_data- INFO - Converted selected columns to numeric
2025-11-20 18:13:32,763 - transform_data- INFO - Computing derivative features
2025-11-20 18:13:32,770 - transform_data- INFO - Derivative features computed successfully
2025-11-20 18:13:32,770 - transform_data- INFO - Derivative features added
2025-11-20 18:13:32,778 - transform_data- INFO - Transformed file saved: C:/Users/ec.raihana/Desktop/Assignment 1/Data/Processed/knmi_cleaned_308_2020-01-01_to_2020-01-31.csv
2025-11-20 18:13:32,778 - transform_data- INFO - Transformation completed for station 308
2025-11-20 18:13:32,778 - transform_data- INFO - Transformation started for station 310
2025-11-20 18:13:32,778 - transform_data- INFO - Reading input file: C:/Users/ec.raihana/Desktop/Assignment 1/Data/Raw/knmi_310_2020-01-01_to_2020-01-31.csv
2025-11-20 18:13:32,781 - transform_data- INFO - File read successfully
2025-11-20 18:13:32,831 - transform_data- INFO - Column names standardized
2025-11-20 18:13:32,832 - transform_data- INFO - Parsing datetime started
2025-11-20 18:13:32,836 - transform_data- INFO - Datetime parsing successful
2025-11-20 18:13:32,836 - transform_data- INFO - Datetime parsing completed
2025-11-20 18:13:32,838 - transform_data- INFO - This is the count of missing values before cleaning:
2025-11-20 18:13:32,838 - transform_data- INFO - Renaming columns
2025-11-20 18:13:32,840 - transform_data- INFO - Columns renamed successfully
2025-11-20 18:13:32,840 - transform_data- INFO - Columns renamed as per mapping
2025-11-20 18:13:32,855 - transform_data- INFO - Unnecessary columns dropped and datetime set as index
2025-11-20 18:13:32,857 - transform_data- INFO - Converted selected columns to numeric
2025-11-20 18:13:32,858 - transform_data- INFO - Computing derivative features
2025-11-20 18:13:32,863 - transform_data- INFO - Derivative features computed successfully
2025-11-20 18:13:32,864 - transform_data- INFO - Derivative features added
2025-11-20 18:13:32,870 - transform_data- INFO - Transformed file saved: C:/Users/ec.raihana/Desktop/Assignment 1/Data/Processed/knmi_cleaned_310_2020-01-01_to_2020-01-31.csv
2025-11-20 18:13:32,870 - transform_data- INFO - Transformation completed for station 310
2025-11-20 18:14:13,278 - transform_data- INFO - Transformation started for station 257
2025-11-20 18:14:13,278 - transform_data- INFO - Reading input file: C:/Users/ec.raihana/Desktop/Assignment 1/Data/Raw/knmi_257_2020-01-01_to_2020-01-31.csv
2025-11-20 18:14:13,284 - transform_data- INFO - File read successfully
2025-11-20 18:14:13,321 - transform_data- INFO - Column names standardized
2025-11-20 18:14:13,322 - transform_data- INFO - Parsing datetime started
2025-11-20 18:14:13,328 - transform_data- INFO - Datetime parsing successful
2025-11-20 18:14:13,328 - transform_data- INFO - Datetime parsing completed
2025-11-20 18:14:13,330 - transform_data- INFO - This is the count of missing values before cleaning:
2025-11-20 18:14:13,330 - transform_data- INFO - Renaming columns
2025-11-20 18:14:13,331 - transform_data- INFO - Columns renamed successfully
2025-11-20 18:14:13,331 - transform_data- INFO - Columns renamed as per mapping
2025-11-20 18:14:13,347 - transform_data- INFO - Unnecessary columns dropped and datetime set as index
2025-11-20 18:14:13,351 - transform_data- INFO - Converted selected columns to numeric
2025-11-20 18:14:13,351 - transform_data- INFO - Computing derivative features
2025-11-20 18:14:13,360 - transform_data- INFO - Derivative features computed successfully
2025-11-20 18:14:13,360 - transform_data- INFO - Derivative features added
2025-11-20 18:14:13,368 - transform_data- INFO - Transformed file saved: C:/Users/ec.raihana/Desktop/Assignment 1/Data/Processed/knmi_cleaned_257_2020-01-01_to_2020-01-31.csv
2025-11-20 18:14:13,368 - transform_data- INFO - Transformation completed for station 257
2025-11-20 18:14:13,368 - transform_data- INFO - Transformation started for station 275
2025-11-20 18:14:13,369 - transform_data- INFO - Reading input file: C:/Users/ec.raihana/Desktop/Assignment 1/Data/Raw/knmi_275_2020-01-01_to_2020-01-31.csv
2025-11-20 18:14:13,373 - transform_data- INFO - File read successfully
2025-11-20 18:14:13,422 - transform_data- INFO - Column names standardized
2025-11-20 18:14:13,423 - transform_data- INFO - Parsing datetime started
2025-11-20 18:14:13,428 - transform_data- INFO - Datetime parsing successful
2025-11-20 18:14:13,428 - transform_data- INFO - Datetime parsing completed
2025-11-20 18:14:13,429 - transform_data- INFO - This is the count of missing values before cleaning:
2025-11-20 18:14:13,430 - transform_data- INFO - Renaming columns
2025-11-20 18:14:13,431 - transform_data- INFO - Columns renamed successfully
2025-11-20 18:14:13,431 - transform_data- INFO - Columns renamed as per mapping
2025-11-20 18:14:13,446 - transform_data- INFO - Unnecessary columns dropped and datetime set as index
2025-11-20 18:14:13,448 - transform_data- INFO - Converted selected columns to numeric
2025-11-20 18:14:13,448 - transform_data- INFO - Computing derivative features
2025-11-20 18:14:13,455 - transform_data- INFO - Derivative features computed successfully
2025-11-20 18:14:13,455 - transform_data- INFO - Derivative features added
2025-11-20 18:14:13,462 - transform_data- INFO - Transformed file saved: C:/Users/ec.raihana/Desktop/Assignment 1/Data/Processed/knmi_cleaned_275_2020-01-01_to_2020-01-31.csv
2025-11-20 18:14:13,462 - transform_data- INFO - Transformation completed for station 275
2025-11-20 18:14:13,462 - transform_data- INFO - Transformation started for station 308
2025-11-20 18:14:13,462 - transform_data- INFO - Reading input file: C:/Users/ec.raihana/Desktop/Assignment 1/Data/Raw/knmi_308_2020-01-01_to_2020-01-31.csv
2025-11-20 18:14:13,466 - transform_data- INFO - File read successfully
2025-11-20 18:14:13,533 - transform_data- INFO - Column names standardized
2025-11-20 18:14:13,535 - transform_data- INFO - Parsing datetime started
2025-11-20 18:14:13,544 - transform_data- INFO - Datetime parsing successful
2025-11-20 18:14:13,544 - transform_data- INFO - Datetime parsing completed
2025-11-20 18:14:13,546 - transform_data- INFO - This is the count of missing values before cleaning:
2025-11-20 18:14:13,546 - transform_data- INFO - Renaming columns
2025-11-20 18:14:13,547 - transform_data- INFO - Columns renamed successfully
2025-11-20 18:14:13,548 - transform_data- INFO - Columns renamed as per mapping
2025-11-20 18:14:13,570 - transform_data- INFO - Unnecessary columns dropped and datetime set as index
2025-11-20 18:14:13,572 - transform_data- INFO - Converted selected columns to numeric
2025-11-20 18:14:13,573 - transform_data- INFO - Computing derivative features
2025-11-20 18:14:13,580 - transform_data- INFO - Derivative features computed successfully
2025-11-20 18:14:13,580 - transform_data- INFO - Derivative features added
2025-11-20 18:14:13,586 - transform_data- INFO - Transformed file saved: C:/Users/ec.raihana/Desktop/Assignment 1/Data/Processed/knmi_cleaned_308_2020-01-01_to_2020-01-31.csv
2025-11-20 18:14:13,586 - transform_data- INFO - Transformation completed for station 308
2025-11-20 18:14:13,586 - transform_data- INFO - Transformation started for station 310
2025-11-20 18:14:13,586 - transform_data- INFO - Reading input file: C:/Users/ec.raihana/Desktop/Assignment 1/Data/Raw/knmi_310_2020-01-01_to_2020-01-31.csv
2025-11-20 18:14:13,592 - transform_data- INFO - File read successfully
2025-11-20 18:14:13,648 - transform_data- INFO - Column names standardized
2025-11-20 18:14:13,648 - transform_data- INFO - Parsing datetime started
2025-11-20 18:14:13,652 - transform_data- INFO - Datetime parsing successful
2025-11-20 18:14:13,652 - transform_data- INFO - Datetime parsing completed
2025-11-20 18:14:13,654 - transform_data- INFO - This is the count of missing values before cleaning:
2025-11-20 18:14:13,654 - transform_data- INFO - Renaming columns
2025-11-20 18:14:13,655 - transform_data- INFO - Columns renamed successfully
2025-11-20 18:14:13,656 - transform_data- INFO - Columns renamed as per mapping
2025-11-20 18:14:13,668 - transform_data- INFO - Unnecessary columns dropped and datetime set as index
2025-11-20 18:14:13,671 - transform_data- INFO - Converted selected columns to numeric
2025-11-20 18:14:13,671 - transform_data- INFO - Computing derivative features
2025-11-20 18:14:13,678 - transform_data- INFO - Derivative features computed successfully
2025-11-20 18:14:13,678 - transform_data- INFO - Derivative features added
2025-11-20 18:14:13,684 - transform_data- INFO - Transformed file saved: C:/Users/ec.raihana/Desktop/Assignment 1/Data/Processed/knmi_cleaned_310_2020-01-01_to_2020-01-31.csv
2025-11-20 18:14:13,684 - transform_data- INFO - Transformation completed for station 310
2025-11-20 18:42:07,317 - transform_data- INFO - Transformation started for station [257, 275, 308, 310]
2025-11-20 18:42:07,317 - transform_data- INFO - Reading input file: C:/Users/ec.raihana/Desktop/Assignment 1/Data/Raw/knmi_[257, 275, 308, 310]_2020-01-01_to_2020-01-31.csv
2025-11-20 18:42:07,318 - transform_data- ERROR - Error reading file: C:/Users/ec.raihana/Desktop/Assignment 1/Data/Raw/knmi_[257, 275, 308, 310]_2020-01-01_to_2020-01-31.csv:[Errno 2] No such file or directory: 'C:/Users/ec.raihana/Desktop/Assignment 1/Data/Raw/knmi_[257, 275, 308, 310]_2020-01-01_to_2020-01-31.csv'
Traceback (most recent call last):
  File "c:\Users\ec.raihana\Desktop\Assignment 1\etl\transform_data.py", line 26, in transformed_data
    df = pd.read_csv(input_file, comment='#',header = None,names = colnames,sep = ',')
  File "C:\Users\ec.raihana\AppData\Local\Packages\PythonSoftwareFoundation.Python.3.13_qbz5n2kfra8p0\LocalCache\local-packages\Python313\site-packages\pandas\io\parsers\readers.py", line 1026, in read_csv
    return _read(filepath_or_buffer, kwds)
  File "C:\Users\ec.raihana\AppData\Local\Packages\PythonSoftwareFoundation.Python.3.13_qbz5n2kfra8p0\LocalCache\local-packages\Python313\site-packages\pandas\io\parsers\readers.py", line 620, in _read
    parser = TextFileReader(filepath_or_buffer, **kwds)
  File "C:\Users\ec.raihana\AppData\Local\Packages\PythonSoftwareFoundation.Python.3.13_qbz5n2kfra8p0\LocalCache\local-packages\Python313\site-packages\pandas\io\parsers\readers.py", line 1620, in __init__
    self._engine = self._make_engine(f, self.engine)
                   ~~~~~~~~~~~~~~~~~^^^^^^^^^^^^^^^^
  File "C:\Users\ec.raihana\AppData\Local\Packages\PythonSoftwareFoundation.Python.3.13_qbz5n2kfra8p0\LocalCache\local-packages\Python313\site-packages\pandas\io\parsers\readers.py", line 1880, in _make_engine
    self.handles = get_handle(
                   ~~~~~~~~~~^
        f,
        ^^
    ...<6 lines>...
        storage_options=self.options.get("storage_options", None),
        ^^^^^^^^^^^^^^^^^^^^^^^^^^^^^^^^^^^^^^^^^^^^^^^^^^^^^^^^^^
    )
    ^
  File "C:\Users\ec.raihana\AppData\Local\Packages\PythonSoftwareFoundation.Python.3.13_qbz5n2kfra8p0\LocalCache\local-packages\Python313\site-packages\pandas\io\common.py", line 873, in get_handle
    handle = open(
        handle,
    ...<3 lines>...
        newline="",
    )
FileNotFoundError: [Errno 2] No such file or directory: 'C:/Users/ec.raihana/Desktop/Assignment 1/Data/Raw/knmi_[257, 275, 308, 310]_2020-01-01_to_2020-01-31.csv'
2025-11-20 19:01:29,871 - transform_data- INFO - Transformation started for station [257, 275, 308, 310]
2025-11-20 19:01:29,871 - transform_data- INFO - Reading input file: C:/Users/ec.raihana/Desktop/Assignment 1/Data/Raw/knmi_[257, 275, 308, 310]_2020-01-01_to_2020-01-31.csv
2025-11-20 19:01:29,872 - transform_data- ERROR - Error reading file: C:/Users/ec.raihana/Desktop/Assignment 1/Data/Raw/knmi_[257, 275, 308, 310]_2020-01-01_to_2020-01-31.csv:[Errno 2] No such file or directory: 'C:/Users/ec.raihana/Desktop/Assignment 1/Data/Raw/knmi_[257, 275, 308, 310]_2020-01-01_to_2020-01-31.csv'
Traceback (most recent call last):
  File "c:\Users\ec.raihana\Desktop\Assignment 1\etl\transform_data.py", line 27, in transformed_data
    df = pd.read_csv(input_file, comment='#',header = None,names = colnames,sep = ',')
  File "C:\Users\ec.raihana\AppData\Local\Packages\PythonSoftwareFoundation.Python.3.13_qbz5n2kfra8p0\LocalCache\local-packages\Python313\site-packages\pandas\io\parsers\readers.py", line 1026, in read_csv
    return _read(filepath_or_buffer, kwds)
  File "C:\Users\ec.raihana\AppData\Local\Packages\PythonSoftwareFoundation.Python.3.13_qbz5n2kfra8p0\LocalCache\local-packages\Python313\site-packages\pandas\io\parsers\readers.py", line 620, in _read
    parser = TextFileReader(filepath_or_buffer, **kwds)
  File "C:\Users\ec.raihana\AppData\Local\Packages\PythonSoftwareFoundation.Python.3.13_qbz5n2kfra8p0\LocalCache\local-packages\Python313\site-packages\pandas\io\parsers\readers.py", line 1620, in __init__
    self._engine = self._make_engine(f, self.engine)
                   ~~~~~~~~~~~~~~~~~^^^^^^^^^^^^^^^^
  File "C:\Users\ec.raihana\AppData\Local\Packages\PythonSoftwareFoundation.Python.3.13_qbz5n2kfra8p0\LocalCache\local-packages\Python313\site-packages\pandas\io\parsers\readers.py", line 1880, in _make_engine
    self.handles = get_handle(
                   ~~~~~~~~~~^
        f,
        ^^
    ...<6 lines>...
        storage_options=self.options.get("storage_options", None),
        ^^^^^^^^^^^^^^^^^^^^^^^^^^^^^^^^^^^^^^^^^^^^^^^^^^^^^^^^^^
    )
    ^
  File "C:\Users\ec.raihana\AppData\Local\Packages\PythonSoftwareFoundation.Python.3.13_qbz5n2kfra8p0\LocalCache\local-packages\Python313\site-packages\pandas\io\common.py", line 873, in get_handle
    handle = open(
        handle,
    ...<3 lines>...
        newline="",
    )
FileNotFoundError: [Errno 2] No such file or directory: 'C:/Users/ec.raihana/Desktop/Assignment 1/Data/Raw/knmi_[257, 275, 308, 310]_2020-01-01_to_2020-01-31.csv'
2025-11-20 19:04:20,738 - transform_data- INFO - Transformation started for station [257, 275, 308, 310]
2025-11-20 19:04:20,739 - transform_data- INFO - Reading input file: C:/Users/ec.raihana/Desktop/Assignment 1/Data/Raw/knmi_[257, 275, 308, 310]_2020-01-01_to_2020-01-31.csv
2025-11-20 19:04:20,740 - transform_data- ERROR - Error reading file: C:/Users/ec.raihana/Desktop/Assignment 1/Data/Raw/knmi_[257, 275, 308, 310]_2020-01-01_to_2020-01-31.csv:[Errno 2] No such file or directory: 'C:/Users/ec.raihana/Desktop/Assignment 1/Data/Raw/knmi_[257, 275, 308, 310]_2020-01-01_to_2020-01-31.csv'
Traceback (most recent call last):
  File "c:\Users\ec.raihana\Desktop\Assignment 1\etl\transform_data.py", line 27, in transformed_data
    df = pd.read_csv(input_file, comment='#',header = None,names = colnames,sep = ',')
  File "C:\Users\ec.raihana\AppData\Local\Packages\PythonSoftwareFoundation.Python.3.13_qbz5n2kfra8p0\LocalCache\local-packages\Python313\site-packages\pandas\io\parsers\readers.py", line 1026, in read_csv
    return _read(filepath_or_buffer, kwds)
  File "C:\Users\ec.raihana\AppData\Local\Packages\PythonSoftwareFoundation.Python.3.13_qbz5n2kfra8p0\LocalCache\local-packages\Python313\site-packages\pandas\io\parsers\readers.py", line 620, in _read
    parser = TextFileReader(filepath_or_buffer, **kwds)
  File "C:\Users\ec.raihana\AppData\Local\Packages\PythonSoftwareFoundation.Python.3.13_qbz5n2kfra8p0\LocalCache\local-packages\Python313\site-packages\pandas\io\parsers\readers.py", line 1620, in __init__
    self._engine = self._make_engine(f, self.engine)
                   ~~~~~~~~~~~~~~~~~^^^^^^^^^^^^^^^^
  File "C:\Users\ec.raihana\AppData\Local\Packages\PythonSoftwareFoundation.Python.3.13_qbz5n2kfra8p0\LocalCache\local-packages\Python313\site-packages\pandas\io\parsers\readers.py", line 1880, in _make_engine
    self.handles = get_handle(
                   ~~~~~~~~~~^
        f,
        ^^
    ...<6 lines>...
        storage_options=self.options.get("storage_options", None),
        ^^^^^^^^^^^^^^^^^^^^^^^^^^^^^^^^^^^^^^^^^^^^^^^^^^^^^^^^^^
    )
    ^
  File "C:\Users\ec.raihana\AppData\Local\Packages\PythonSoftwareFoundation.Python.3.13_qbz5n2kfra8p0\LocalCache\local-packages\Python313\site-packages\pandas\io\common.py", line 873, in get_handle
    handle = open(
        handle,
    ...<3 lines>...
        newline="",
    )
FileNotFoundError: [Errno 2] No such file or directory: 'C:/Users/ec.raihana/Desktop/Assignment 1/Data/Raw/knmi_[257, 275, 308, 310]_2020-01-01_to_2020-01-31.csv'
2025-11-20 19:05:35,146 - transform_data- INFO - Transformation started for station 257
2025-11-20 19:05:35,147 - transform_data- INFO - Reading input file: C:/Users/ec.raihana/Desktop/Assignment 1/Data/Raw/knmi_257_2020-01-01_to_2020-01-31.csv
2025-11-20 19:05:35,152 - transform_data- INFO - File read successfully
2025-11-20 19:05:35,190 - transform_data- INFO - Column names standardized
2025-11-20 19:05:35,190 - transform_data- INFO - Parsing datetime started
2025-11-20 19:05:35,197 - transform_data- INFO - Datetime parsing successful
2025-11-20 19:05:35,197 - transform_data- INFO - Datetime parsing completed
2025-11-20 19:05:35,199 - transform_data- INFO - This is the count of missing values before cleaning:
2025-11-20 19:05:35,199 - transform_data- INFO - Renaming columns
2025-11-20 19:05:35,200 - transform_data- INFO - Columns renamed successfully
2025-11-20 19:05:35,200 - transform_data- INFO - Columns renamed as per mapping
2025-11-20 19:05:35,217 - transform_data- INFO - Unnecessary columns dropped and datetime set as index
2025-11-20 19:05:35,221 - transform_data- INFO - Converted selected columns to numeric
2025-11-20 19:05:35,221 - transform_data- INFO - Computing derivative features
2025-11-20 19:05:35,229 - transform_data- INFO - Derivative features computed successfully
2025-11-20 19:05:35,229 - transform_data- INFO - Derivative features added
2025-11-20 19:05:35,230 - transform_data- INFO - Transformation completed for station [257, 275, 308, 310]
2025-11-20 19:05:35,230 - transform_data- ERROR - Error reading file: C:/Users/ec.raihana/Desktop/Assignment 1/Data/Raw/knmi_257_2020-01-01_to_2020-01-31.csv:name 'transformed_df' is not defined
Traceback (most recent call last):
  File "c:\Users\ec.raihana\Desktop\Assignment 1\etl\transform_data.py", line 78, in transformed_data
    df_final.append(transformed_df)
                    ^^^^^^^^^^^^^^
NameError: name 'transformed_df' is not defined. Did you mean: 'transformed_data'?
2025-11-21 09:58:25,766 - transform_data- INFO - Transformation started for station 257
2025-11-21 09:58:25,766 - transform_data- INFO - Reading input file: C:/Users/ec.raihana/Desktop/Assignment 1/Data/Raw/knmi_257_2020-01-01_to_2020-01-31.csv
2025-11-21 09:58:25,786 - transform_data- INFO - File read successfully
2025-11-21 09:58:25,890 - transform_data- INFO - Column names standardized
2025-11-21 09:58:25,891 - transform_data- INFO - Parsing datetime started
2025-11-21 09:58:25,910 - transform_data- INFO - Datetime parsing successful
2025-11-21 09:58:25,910 - transform_data- INFO - Datetime parsing completed
2025-11-21 09:58:25,914 - transform_data- INFO - This is the count of missing values before cleaning:
2025-11-21 09:58:25,915 - transform_data- INFO - Renaming columns
2025-11-21 09:58:25,916 - transform_data- INFO - Columns renamed successfully
2025-11-21 09:58:25,917 - transform_data- INFO - Columns renamed as per mapping
2025-11-21 09:58:25,959 - transform_data- INFO - Unnecessary columns dropped and datetime set as index
2025-11-21 09:58:25,967 - transform_data- INFO - Converted selected columns to numeric
2025-11-21 09:58:25,967 - transform_data- INFO - Computing derivative features
2025-11-21 09:58:25,986 - transform_data- INFO - Derivative features computed successfully
2025-11-21 09:58:25,986 - transform_data- INFO - Derivative features added
2025-11-21 09:58:25,989 - transform_data- INFO - Transformation completed for station [257, 275, 308, 310]
2025-11-21 09:58:25,989 - transform_data- ERROR - Error reading file: C:/Users/ec.raihana/Desktop/Assignment 1/Data/Raw/knmi_257_2020-01-01_to_2020-01-31.csv:name 'transformed_df' is not defined
Traceback (most recent call last):
  File "c:\Users\ec.raihana\Desktop\Assignment 1\etl\transform_data.py", line 78, in transformed_data
    df_final.append(transformed_df)
                    ^^^^^^^^^^^^^^
NameError: name 'transformed_df' is not defined. Did you mean: 'transformed_data'?
2025-11-21 10:20:07,394 - transform_data- INFO - Transformation started for station 257
2025-11-21 10:20:07,394 - transform_data- INFO - Reading input file: C:/Users/ec.raihana/Desktop/Assignment 1/Data/Raw/knmi_257_2020-01-01_to_2020-01-31.csv
2025-11-21 10:20:07,400 - transform_data- INFO - File read successfully
2025-11-21 10:20:07,436 - transform_data- INFO - Column names standardized
2025-11-21 10:20:07,437 - transform_data- INFO - Parsing datetime started
2025-11-21 10:20:07,443 - transform_data- INFO - Datetime parsing successful
2025-11-21 10:20:07,443 - transform_data- INFO - Datetime parsing completed
2025-11-21 10:20:07,445 - transform_data- INFO - This is the count of missing values before cleaning:
2025-11-21 10:20:07,445 - transform_data- INFO - Renaming columns
2025-11-21 10:20:07,446 - transform_data- INFO - Columns renamed successfully
2025-11-21 10:20:07,447 - transform_data- INFO - Columns renamed as per mapping
2025-11-21 10:20:07,465 - transform_data- INFO - Unnecessary columns dropped and datetime set as index
2025-11-21 10:20:07,469 - transform_data- INFO - Converted selected columns to numeric
2025-11-21 10:20:07,469 - transform_data- INFO - Computing derivative features
2025-11-21 10:20:07,478 - transform_data- INFO - Derivative features computed successfully
2025-11-21 10:20:07,478 - transform_data- INFO - Derivative features added
2025-11-21 10:20:07,479 - transform_data- INFO - Transformation completed for station 257
2025-11-21 10:20:07,497 - transform_data- INFO - Transformation started for station 275
2025-11-21 10:20:07,497 - transform_data- INFO - Reading input file: C:/Users/ec.raihana/Desktop/Assignment 1/Data/Raw/knmi_275_2020-01-01_to_2020-01-31.csv
2025-11-21 10:20:07,502 - transform_data- INFO - File read successfully
2025-11-21 10:20:07,556 - transform_data- INFO - Column names standardized
2025-11-21 10:20:07,557 - transform_data- INFO - Parsing datetime started
2025-11-21 10:20:07,563 - transform_data- INFO - Datetime parsing successful
2025-11-21 10:20:07,563 - transform_data- INFO - Datetime parsing completed
2025-11-21 10:20:07,565 - transform_data- INFO - This is the count of missing values before cleaning:
2025-11-21 10:20:07,565 - transform_data- INFO - Renaming columns
2025-11-21 10:20:07,565 - transform_data- INFO - Columns renamed successfully
2025-11-21 10:20:07,566 - transform_data- INFO - Columns renamed as per mapping
2025-11-21 10:20:07,581 - transform_data- INFO - Unnecessary columns dropped and datetime set as index
2025-11-21 10:20:07,583 - transform_data- INFO - Converted selected columns to numeric
2025-11-21 10:20:07,583 - transform_data- INFO - Computing derivative features
2025-11-21 10:20:07,621 - transform_data- INFO - Derivative features computed successfully
2025-11-21 10:20:07,621 - transform_data- INFO - Derivative features added
2025-11-21 10:20:07,622 - transform_data- INFO - Transformation completed for station 275
2025-11-21 10:20:07,643 - transform_data- INFO - Transformation started for station 308
2025-11-21 10:20:07,644 - transform_data- INFO - Reading input file: C:/Users/ec.raihana/Desktop/Assignment 1/Data/Raw/knmi_308_2020-01-01_to_2020-01-31.csv
2025-11-21 10:20:07,649 - transform_data- INFO - File read successfully
2025-11-21 10:20:07,682 - transform_data- INFO - Column names standardized
2025-11-21 10:20:07,683 - transform_data- INFO - Parsing datetime started
2025-11-21 10:20:07,687 - transform_data- INFO - Datetime parsing successful
2025-11-21 10:20:07,687 - transform_data- INFO - Datetime parsing completed
2025-11-21 10:20:07,689 - transform_data- INFO - This is the count of missing values before cleaning:
2025-11-21 10:20:07,689 - transform_data- INFO - Renaming columns
2025-11-21 10:20:07,690 - transform_data- INFO - Columns renamed successfully
2025-11-21 10:20:07,691 - transform_data- INFO - Columns renamed as per mapping
2025-11-21 10:20:07,706 - transform_data- INFO - Unnecessary columns dropped and datetime set as index
2025-11-21 10:20:07,709 - transform_data- INFO - Converted selected columns to numeric
2025-11-21 10:20:07,709 - transform_data- INFO - Computing derivative features
2025-11-21 10:20:07,718 - transform_data- INFO - Derivative features computed successfully
2025-11-21 10:20:07,718 - transform_data- INFO - Derivative features added
2025-11-21 10:20:07,719 - transform_data- INFO - Transformation completed for station 308
2025-11-21 10:20:07,742 - transform_data- INFO - Transformation started for station 310
2025-11-21 10:20:07,742 - transform_data- INFO - Reading input file: C:/Users/ec.raihana/Desktop/Assignment 1/Data/Raw/knmi_310_2020-01-01_to_2020-01-31.csv
2025-11-21 10:20:07,749 - transform_data- INFO - File read successfully
2025-11-21 10:20:07,829 - transform_data- INFO - Column names standardized
2025-11-21 10:20:07,829 - transform_data- INFO - Parsing datetime started
2025-11-21 10:20:07,833 - transform_data- INFO - Datetime parsing successful
2025-11-21 10:20:07,833 - transform_data- INFO - Datetime parsing completed
2025-11-21 10:20:07,834 - transform_data- INFO - This is the count of missing values before cleaning:
2025-11-21 10:20:07,835 - transform_data- INFO - Renaming columns
2025-11-21 10:20:07,836 - transform_data- INFO - Columns renamed successfully
2025-11-21 10:20:07,836 - transform_data- INFO - Columns renamed as per mapping
2025-11-21 10:20:07,854 - transform_data- INFO - Unnecessary columns dropped and datetime set as index
2025-11-21 10:20:07,856 - transform_data- INFO - Converted selected columns to numeric
2025-11-21 10:20:07,857 - transform_data- INFO - Computing derivative features
2025-11-21 10:20:07,867 - transform_data- INFO - Derivative features computed successfully
2025-11-21 10:20:07,868 - transform_data- INFO - Derivative features added
2025-11-21 10:20:07,869 - transform_data- INFO - Transformation completed for station 310
2025-11-21 10:28:18,105 - transform_data- INFO - Transformation started for station 257
2025-11-21 10:28:18,105 - transform_data- INFO - Reading input file: C:/Users/ec.raihana/Desktop/Assignment 1/Data/Raw/knmi_257_2020-01-01_to_2020-01-31.csv
2025-11-21 10:28:18,112 - transform_data- INFO - File read successfully
2025-11-21 10:28:18,147 - transform_data- INFO - Column names standardized
2025-11-21 10:28:18,147 - transform_data- INFO - Parsing datetime started
2025-11-21 10:28:18,153 - transform_data- INFO - Datetime parsing successful
2025-11-21 10:28:18,153 - transform_data- INFO - Datetime parsing completed
2025-11-21 10:28:18,155 - transform_data- INFO - This is the count of missing values before cleaning:
2025-11-21 10:28:18,155 - transform_data- INFO - Renaming columns
2025-11-21 10:28:18,156 - transform_data- INFO - Columns renamed successfully
2025-11-21 10:28:18,156 - transform_data- INFO - Columns renamed as per mapping
2025-11-21 10:28:18,175 - transform_data- INFO - Unnecessary columns dropped and datetime set as index
2025-11-21 10:28:18,181 - transform_data- INFO - Converted selected columns to numeric
2025-11-21 10:28:18,181 - transform_data- INFO - Computing derivative features
2025-11-21 10:28:18,189 - transform_data- INFO - Derivative features computed successfully
2025-11-21 10:28:18,189 - transform_data- INFO - Derivative features added
2025-11-21 10:28:18,190 - transform_data- INFO - Transformation completed for station 257
2025-11-21 10:28:18,190 - transform_data- INFO - Transformation started for station 275
2025-11-21 10:28:18,190 - transform_data- INFO - Reading input file: C:/Users/ec.raihana/Desktop/Assignment 1/Data/Raw/knmi_275_2020-01-01_to_2020-01-31.csv
2025-11-21 10:28:18,196 - transform_data- INFO - File read successfully
2025-11-21 10:28:18,245 - transform_data- INFO - Column names standardized
2025-11-21 10:28:18,245 - transform_data- INFO - Parsing datetime started
2025-11-21 10:28:18,249 - transform_data- INFO - Datetime parsing successful
2025-11-21 10:28:18,249 - transform_data- INFO - Datetime parsing completed
2025-11-21 10:28:18,251 - transform_data- INFO - This is the count of missing values before cleaning:
2025-11-21 10:28:18,251 - transform_data- INFO - Renaming columns
2025-11-21 10:28:18,252 - transform_data- INFO - Columns renamed successfully
2025-11-21 10:28:18,252 - transform_data- INFO - Columns renamed as per mapping
2025-11-21 10:28:18,265 - transform_data- INFO - Unnecessary columns dropped and datetime set as index
2025-11-21 10:28:18,268 - transform_data- INFO - Converted selected columns to numeric
2025-11-21 10:28:18,268 - transform_data- INFO - Computing derivative features
2025-11-21 10:28:18,275 - transform_data- INFO - Derivative features computed successfully
2025-11-21 10:28:18,275 - transform_data- INFO - Derivative features added
2025-11-21 10:28:18,276 - transform_data- INFO - Transformation completed for station 275
2025-11-21 10:28:18,276 - transform_data- INFO - Transformation started for station 308
2025-11-21 10:28:18,276 - transform_data- INFO - Reading input file: C:/Users/ec.raihana/Desktop/Assignment 1/Data/Raw/knmi_308_2020-01-01_to_2020-01-31.csv
2025-11-21 10:28:18,280 - transform_data- INFO - File read successfully
2025-11-21 10:28:18,311 - transform_data- INFO - Column names standardized
2025-11-21 10:28:18,312 - transform_data- INFO - Parsing datetime started
2025-11-21 10:28:18,315 - transform_data- INFO - Datetime parsing successful
2025-11-21 10:28:18,315 - transform_data- INFO - Datetime parsing completed
2025-11-21 10:28:18,317 - transform_data- INFO - This is the count of missing values before cleaning:
2025-11-21 10:28:18,318 - transform_data- INFO - Renaming columns
2025-11-21 10:28:18,318 - transform_data- INFO - Columns renamed successfully
2025-11-21 10:28:18,319 - transform_data- INFO - Columns renamed as per mapping
2025-11-21 10:28:18,333 - transform_data- INFO - Unnecessary columns dropped and datetime set as index
2025-11-21 10:28:18,335 - transform_data- INFO - Converted selected columns to numeric
2025-11-21 10:28:18,335 - transform_data- INFO - Computing derivative features
2025-11-21 10:28:18,343 - transform_data- INFO - Derivative features computed successfully
2025-11-21 10:28:18,343 - transform_data- INFO - Derivative features added
2025-11-21 10:28:18,343 - transform_data- INFO - Transformation completed for station 308
2025-11-21 10:28:18,343 - transform_data- INFO - Transformation started for station 310
2025-11-21 10:28:18,344 - transform_data- INFO - Reading input file: C:/Users/ec.raihana/Desktop/Assignment 1/Data/Raw/knmi_310_2020-01-01_to_2020-01-31.csv
2025-11-21 10:28:18,347 - transform_data- INFO - File read successfully
2025-11-21 10:28:18,401 - transform_data- INFO - Column names standardized
2025-11-21 10:28:18,401 - transform_data- INFO - Parsing datetime started
2025-11-21 10:28:18,406 - transform_data- INFO - Datetime parsing successful
2025-11-21 10:28:18,406 - transform_data- INFO - Datetime parsing completed
2025-11-21 10:28:18,408 - transform_data- INFO - This is the count of missing values before cleaning:
2025-11-21 10:28:18,408 - transform_data- INFO - Renaming columns
2025-11-21 10:28:18,409 - transform_data- INFO - Columns renamed successfully
2025-11-21 10:28:18,409 - transform_data- INFO - Columns renamed as per mapping
2025-11-21 10:28:18,422 - transform_data- INFO - Unnecessary columns dropped and datetime set as index
2025-11-21 10:28:18,424 - transform_data- INFO - Converted selected columns to numeric
2025-11-21 10:28:18,424 - transform_data- INFO - Computing derivative features
2025-11-21 10:28:18,462 - transform_data- INFO - Derivative features computed successfully
2025-11-21 10:28:18,462 - transform_data- INFO - Derivative features added
2025-11-21 10:28:18,463 - transform_data- INFO - Transformation completed for station 310
2025-11-21 12:31:31,766 - extract_knmi- INFO - Starting download for station 257
2025-11-21 12:31:34,846 - extract_knmi- INFO - File saved: Data//Raw\knmi_257_2020-01-01_to_2022-12-31.csv
2025-11-21 12:31:34,848 - extract_knmi- INFO - Starting download for station 275
2025-11-21 12:31:38,011 - extract_knmi- INFO - File saved: Data//Raw\knmi_275_2020-01-01_to_2022-12-31.csv
2025-11-21 12:31:38,014 - extract_knmi- INFO - Starting download for station 308
2025-11-21 12:31:40,576 - extract_knmi- INFO - File saved: Data//Raw\knmi_308_2020-01-01_to_2022-12-31.csv
2025-11-21 12:31:40,578 - extract_knmi- INFO - Starting download for station 310
2025-11-21 12:31:43,904 - extract_knmi- INFO - File saved: Data//Raw\knmi_310_2020-01-01_to_2022-12-31.csv
2025-11-21 12:32:43,905 - extract_knmi- INFO - Starting download for station 257
2025-11-21 12:32:46,584 - extract_knmi- INFO - File saved: Data//Raw\knmi_257_2020-01-01_to_2022-12-31.csv
2025-11-21 12:32:46,587 - extract_knmi- INFO - Starting download for station 275
2025-11-21 12:32:49,839 - extract_knmi- INFO - File saved: Data//Raw\knmi_275_2020-01-01_to_2022-12-31.csv
2025-11-21 12:32:49,841 - extract_knmi- INFO - Starting download for station 308
2025-11-21 12:32:52,468 - extract_knmi- INFO - File saved: Data//Raw\knmi_308_2020-01-01_to_2022-12-31.csv
2025-11-21 12:32:52,470 - extract_knmi- INFO - Starting download for station 310
2025-11-21 12:32:55,758 - extract_knmi- INFO - File saved: Data//Raw\knmi_310_2020-01-01_to_2022-12-31.csv
2025-11-21 12:35:57,001 - transform_data- INFO - Transformation started for station 257
2025-11-21 12:35:57,001 - transform_data- INFO - Reading input file: C:/Users/ec.raihana/Desktop/Assignment 1/Data/Raw/knmi_257_2020-01-01_to_2022-12-31.csv
2025-11-21 12:35:57,073 - transform_data- INFO - File read successfully
2025-11-21 12:35:57,119 - transform_data- INFO - Column names standardized
2025-11-21 12:35:57,119 - transform_data- INFO - Parsing datetime started
2025-11-21 12:35:57,135 - transform_data- INFO - Datetime parsing successful
2025-11-21 12:35:57,135 - transform_data- INFO - Datetime parsing completed
2025-11-21 12:35:57,148 - transform_data- INFO - This is the count of missing values before cleaning:
2025-11-21 12:35:57,148 - transform_data- INFO - Renaming columns
2025-11-21 12:35:57,152 - transform_data- INFO - Columns renamed successfully
2025-11-21 12:35:57,153 - transform_data- INFO - Columns renamed as per mapping
2025-11-21 12:35:57,179 - transform_data- INFO - Unnecessary columns dropped and datetime set as index
2025-11-21 12:35:57,242 - transform_data- INFO - Converted selected columns to numeric
2025-11-21 12:35:57,242 - transform_data- INFO - Computing derivative features
2025-11-21 12:35:57,250 - transform_data- INFO - Derivative features computed successfully
2025-11-21 12:35:57,250 - transform_data- INFO - Derivative features added
2025-11-21 12:35:57,251 - transform_data- INFO - Transformation completed for station 257
2025-11-21 12:35:57,252 - transform_data- INFO - Transformation started for station 275
2025-11-21 12:35:57,252 - transform_data- INFO - Reading input file: C:/Users/ec.raihana/Desktop/Assignment 1/Data/Raw/knmi_275_2020-01-01_to_2022-12-31.csv
2025-11-21 12:35:57,334 - transform_data- INFO - File read successfully
2025-11-21 12:35:57,385 - transform_data- INFO - Column names standardized
2025-11-21 12:35:57,385 - transform_data- INFO - Parsing datetime started
2025-11-21 12:35:57,399 - transform_data- INFO - Datetime parsing successful
2025-11-21 12:35:57,399 - transform_data- INFO - Datetime parsing completed
2025-11-21 12:35:57,408 - transform_data- INFO - This is the count of missing values before cleaning:
2025-11-21 12:35:57,409 - transform_data- INFO - Renaming columns
2025-11-21 12:35:57,413 - transform_data- INFO - Columns renamed successfully
2025-11-21 12:35:57,415 - transform_data- INFO - Columns renamed as per mapping
2025-11-21 12:35:57,436 - transform_data- INFO - Unnecessary columns dropped and datetime set as index
2025-11-21 12:35:57,438 - transform_data- INFO - Converted selected columns to numeric
2025-11-21 12:35:57,438 - transform_data- INFO - Computing derivative features
2025-11-21 12:35:57,447 - transform_data- INFO - Derivative features computed successfully
2025-11-21 12:35:57,447 - transform_data- INFO - Derivative features added
2025-11-21 12:35:57,449 - transform_data- INFO - Transformation completed for station 275
2025-11-21 12:35:57,449 - transform_data- INFO - Transformation started for station 308
2025-11-21 12:35:57,449 - transform_data- INFO - Reading input file: C:/Users/ec.raihana/Desktop/Assignment 1/Data/Raw/knmi_308_2020-01-01_to_2022-12-31.csv
2025-11-21 12:35:57,522 - transform_data- INFO - File read successfully
2025-11-21 12:35:57,548 - transform_data- INFO - Column names standardized
2025-11-21 12:35:57,548 - transform_data- INFO - Parsing datetime started
2025-11-21 12:35:57,564 - transform_data- INFO - Datetime parsing successful
2025-11-21 12:35:57,564 - transform_data- INFO - Datetime parsing completed
2025-11-21 12:35:57,581 - transform_data- INFO - This is the count of missing values before cleaning:
2025-11-21 12:35:57,582 - transform_data- INFO - Renaming columns
2025-11-21 12:35:57,585 - transform_data- INFO - Columns renamed successfully
2025-11-21 12:35:57,586 - transform_data- INFO - Columns renamed as per mapping
2025-11-21 12:35:57,613 - transform_data- INFO - Unnecessary columns dropped and datetime set as index
2025-11-21 12:35:57,661 - transform_data- INFO - Converted selected columns to numeric
2025-11-21 12:35:57,661 - transform_data- INFO - Computing derivative features
2025-11-21 12:35:57,671 - transform_data- INFO - Derivative features computed successfully
2025-11-21 12:35:57,671 - transform_data- INFO - Derivative features added
2025-11-21 12:35:57,673 - transform_data- INFO - Transformation completed for station 308
2025-11-21 12:35:57,673 - transform_data- INFO - Transformation started for station 310
2025-11-21 12:35:57,673 - transform_data- INFO - Reading input file: C:/Users/ec.raihana/Desktop/Assignment 1/Data/Raw/knmi_310_2020-01-01_to_2022-12-31.csv
2025-11-21 12:35:57,751 - transform_data- INFO - File read successfully
2025-11-21 12:35:57,798 - transform_data- INFO - Column names standardized
2025-11-21 12:35:57,798 - transform_data- INFO - Parsing datetime started
2025-11-21 12:35:57,812 - transform_data- INFO - Datetime parsing successful
2025-11-21 12:35:57,812 - transform_data- INFO - Datetime parsing completed
2025-11-21 12:35:57,822 - transform_data- INFO - This is the count of missing values before cleaning:
2025-11-21 12:35:57,822 - transform_data- INFO - Renaming columns
2025-11-21 12:35:57,828 - transform_data- INFO - Columns renamed successfully
2025-11-21 12:35:57,829 - transform_data- INFO - Columns renamed as per mapping
2025-11-21 12:35:57,851 - transform_data- INFO - Unnecessary columns dropped and datetime set as index
2025-11-21 12:35:57,854 - transform_data- INFO - Converted selected columns to numeric
2025-11-21 12:35:57,854 - transform_data- INFO - Computing derivative features
2025-11-21 12:35:57,862 - transform_data- INFO - Derivative features computed successfully
2025-11-21 12:35:57,862 - transform_data- INFO - Derivative features added
2025-11-21 12:35:57,864 - transform_data- INFO - Transformation completed for station 310
